<?xml version="1.0" encoding="UTF-8"?>
<testng-results ignored="0" total="1" passed="1" failed="0" skipped="0">
  <reporter-output>
  </reporter-output>
  <suite started-at="2026-02-03T13:03:13 GMT-08:00" name="Default suite" finished-at="2026-02-03T13:03:43 GMT-08:00" duration-ms="30374">
    <groups>
    </groups>
    <test started-at="2026-02-03T13:03:13 GMT-08:00" name="Default test" finished-at="2026-02-03T13:03:43 GMT-08:00" duration-ms="30374">
      <class name="org.automation.modularFramework.TC_BuyProduct_003_Test">
        <test-method is-config="true" signature="browserSetUp()[pri:0, instance:org.automation.modularFramework.TC_BuyProduct_003_Test@7dc0f706]" started-at="2026-02-03T13:03:13 GMT-08:00" name="browserSetUp" finished-at="2026-02-03T13:03:22 GMT-08:00" duration-ms="9292" status="PASS">
          <reporter-output>
          </reporter-output>
        </test-method> <!-- browserSetUp -->
        <test-method is-config="true" signature="login()[pri:0, instance:org.automation.modularFramework.TC_BuyProduct_003_Test@7dc0f706]" started-at="2026-02-03T13:03:22 GMT-08:00" name="login" finished-at="2026-02-03T13:03:25 GMT-08:00" duration-ms="3089" status="PASS">
          <reporter-output>
          </reporter-output>
        </test-method> <!-- login -->
        <test-method signature="buyProductMethod()[pri:0, instance:org.automation.modularFramework.TC_BuyProduct_003_Test@7dc0f706]" started-at="2026-02-03T13:03:25 GMT-08:00" name="buyProductMethod" finished-at="2026-02-03T13:03:41 GMT-08:00" duration-ms="15334" status="PASS">
          <reporter-output>
          </reporter-output>
        </test-method> <!-- buyProductMethod -->
        <test-method is-config="true" signature="logout()[pri:0, instance:org.automation.modularFramework.TC_BuyProduct_003_Test@7dc0f706]" started-at="2026-02-03T13:03:41 GMT-08:00" name="logout" finished-at="2026-02-03T13:03:42 GMT-08:00" duration-ms="1184" status="PASS">
          <reporter-output>
          </reporter-output>
        </test-method> <!-- logout -->
        <test-method is-config="true" signature="browserTearDown()[pri:0, instance:org.automation.modularFramework.TC_BuyProduct_003_Test@7dc0f706]" started-at="2026-02-03T13:03:42 GMT-08:00" name="browserTearDown" finished-at="2026-02-03T13:03:43 GMT-08:00" duration-ms="1320" status="PASS">
          <reporter-output>
          </reporter-output>
        </test-method> <!-- browserTearDown -->
      </class> <!-- org.automation.modularFramework.TC_BuyProduct_003_Test -->
    </test> <!-- Default test -->
  </suite> <!-- Default suite -->
</testng-results>
