<?xml version="1.0" encoding="UTF-8"?>
<!-- Generated by org.testng.reporters.JUnitReportReporter -->
<testsuite hostname="DESKTOP-Q4C4NUA" failures="0" tests="3" name="org.automation.testNGLearning.UnderstandingPriority" time="52.446" errors="0" timestamp="2026-01-06T12:09:49 GMT-08:00" skipped="1">
  <testcase classname="org.automation.testNGLearning.UnderstandingPriority" name="launchingFullyFilmy" time="38.842"/>
  <testcase classname="org.automation.testNGLearning.UnderstandingPriority" name="launchingKalkiFashion" time="13.604"/>
  <testcase classname="org.automation.testNGLearning.UnderstandingPriority" name="launchingPurple">
    <skipped/>
  </testcase> <!-- launchingPurple -->
</testsuite> <!-- org.automation.testNGLearning.UnderstandingPriority -->
