<?xml version="1.0" encoding="UTF-8"?>
<!-- Generated by org.testng.reporters.JUnitReportReporter -->
<testsuite hostname="DESKTOP-Q4C4NUA" failures="0" tests="3" name="org.automation.testNGLearning.UsingDependsOnMethodsInTC" time="75.388" errors="0" timestamp="2026-01-07T11:22:23 GMT-08:00" skipped="0">
  <testcase classname="org.automation.testNGLearning.UsingDependsOnMethodsInTC" name="launchingPurple" time="4.814"/>
  <testcase classname="org.automation.testNGLearning.UsingDependsOnMethodsInTC" name="launchingFullyFilmy" time="42.384"/>
  <testcase classname="org.automation.testNGLearning.UsingDependsOnMethodsInTC" name="launchingKalkiFashion" time="28.190"/>
</testsuite> <!-- org.automation.testNGLearning.UsingDependsOnMethodsInTC -->
