<?xml version="1.0" encoding="UTF-8"?>
<!-- Generated by org.testng.reporters.JUnitReportReporter -->
<testsuite hostname="DESKTOP-Q4C4NUA" failures="0" tests="1" name="org.automation.modularFramework.TC_RemoveProductFromCart_002_Test" time="18.406" errors="0" timestamp="2026-02-02T16:42:59 GMT-08:00" skipped="0">
  <testcase classname="org.automation.modularFramework.TC_RemoveProductFromCart_002_Test" name="removeProductFromCartMethod" time="18.406">
    <system-out>
      <![CDATA[Product is  remove from cart]]>
    </system-out>
  </testcase> <!-- removeProductFromCartMethod -->
  <system-out>
    <![CDATA[Product is  remove from cart]]>
  </system-out>
</testsuite> <!-- org.automation.modularFramework.TC_RemoveProductFromCart_002_Test -->
