<?xml version="1.0" encoding="UTF-8"?>
<!-- Generated by org.testng.reporters.JUnitReportReporter -->
<testsuite hostname="DESKTOP-Q4C4NUA" failures="0" tests="3" name="org.automation.testNGAnnotations.ConfigurationAnnotations" time="0.024" errors="0" timestamp="2026-01-12T11:55:17 GMT-08:00" skipped="0">
  <testcase classname="org.automation.testNGAnnotations.ConfigurationAnnotations" name="testCase3" time="0.006">
    <system-out>
      <![CDATA[This is @test method 3]]>
    </system-out>
  </testcase> <!-- testCase3 -->
  <testcase classname="org.automation.testNGAnnotations.ConfigurationAnnotations" name="testCase1" time="0.013">
    <system-out>
      <![CDATA[This is @test method]]>
    </system-out>
  </testcase> <!-- testCase1 -->
  <testcase classname="org.automation.testNGAnnotations.ConfigurationAnnotations" name="testCase2" time="0.005">
    <system-out>
      <![CDATA[This is @Test method 2]]>
    </system-out>
  </testcase> <!-- testCase2 -->
  <system-out>
    <![CDATA[This is @BeforeSuite method
This is @BeforeTest method
This is @BeforeClass method
This is @BeforeMethod method
This is @test method
This is @AfterMethod method
This is @BeforeMethod method
This is @Test method 2
This is @AfterMethod method
This is @BeforeMethod method
This is @test method 3
This is @AfterMethod method
This is @AfterClass method
This is @AfterTest method 2
This is @AfterSuitet method]]>
  </system-out>
</testsuite> <!-- org.automation.testNGAnnotations.ConfigurationAnnotations -->
