<?xml version="1.0" encoding="UTF-8"?>
<!-- Generated by org.testng.reporters.JUnitReportReporter -->
<testsuite hostname="DESKTOP-Q4C4NUA" failures="0" tests="1" name="org.automation.batchExecution.HarleyDavidson" time="33.874" errors="0" timestamp="2026-01-08T11:24:00 GMT-08:00" skipped="0">
  <testcase classname="org.automation.batchExecution.HarleyDavidson" name="launchingHayabusa" time="33.874">
    <system-out>
      <![CDATA[Launched Hayabusa]]>
    </system-out>
  </testcase> <!-- launchingHayabusa -->
  <system-out>
    <![CDATA[Launched Hayabusa
Launched 42 bobber
Launched Hayabusa
Launched Perak]]>
  </system-out>
</testsuite> <!-- org.automation.batchExecution.HarleyDavidson -->
