<?xml version="1.0" encoding="UTF-8"?>
<!-- Generated by org.testng.reporters.JUnitReportReporter -->
<testsuite hostname="DESKTOP-Q4C4NUA" failures="0" tests="3" name="org.automation.DataProvider.DataProvider1" time="38.404" errors="0" timestamp="2026-01-23T11:56:03 GMT-08:00" skipped="0">
  <testcase classname="org.automation.DataProvider.DataProvider1" name="login" time="14.415"/>
  <testcase classname="org.automation.DataProvider.DataProvider1" name="login" time="12.957"/>
  <testcase classname="org.automation.DataProvider.DataProvider1" name="login" time="11.032"/>
</testsuite> <!-- org.automation.DataProvider.DataProvider1 -->
