<?xml version="1.0" encoding="UTF-8"?>
<!-- Generated by org.testng.reporters.JUnitReportReporter -->
<testsuite hostname="DESKTOP-Q4C4NUA" failures="0" tests="1" name="org.automation.groupExecution.SRK" time="9.296" errors="0" timestamp="2026-01-09T11:12:55 GMT-08:00" skipped="0">
  <testcase classname="org.automation.groupExecution.SRK" name="launchSRK" time="9.296">
    <system-out>
      <![CDATA[Launching SRK page]]>
    </system-out>
  </testcase> <!-- launchSRK -->
  <system-out>
    <![CDATA[Launching SRK page
Launching Yash page
Launching Vicky page
Launching Allu Arjun page]]>
  </system-out>
</testsuite> <!-- org.automation.groupExecution.SRK -->
