<?xml version="1.0" encoding="UTF-8"?>
<!-- Generated by org.testng.reporters.JUnitReportReporter -->
<testsuite hostname="DESKTOP-Q4C4NUA" failures="0" tests="3" name="org.automation.DataProvider.DataProvider2" time="19.284" errors="0" timestamp="2026-01-22T17:02:18 GMT-08:00" skipped="0">
  <testcase classname="org.automation.DataProvider.DataProvider2" name="invalidLogin" time="5.114"/>
  <testcase classname="org.automation.DataProvider.DataProvider2" name="invalidLogin" time="5.232"/>
  <testcase classname="org.automation.DataProvider.DataProvider2" name="invalidLogin" time="8.938"/>
</testsuite> <!-- org.automation.DataProvider.DataProvider2 -->
