<?xml version="1.0" encoding="UTF-8"?>
<!-- Generated by org.testng.reporters.JUnitReportReporter -->
<testsuite hostname="DESKTOP-Q4C4NUA" failures="0" tests="2" name="org.automation.batchExecution.Jawa" time="71.390" errors="0" timestamp="2026-01-08T11:24:00 GMT-08:00" skipped="0">
  <testcase classname="org.automation.batchExecution.Jawa" name="launching42Bobber" time="34.676">
    <system-out>
      <![CDATA[Launched 42 bobber]]>
    </system-out>
  </testcase> <!-- launching42Bobber -->
  <testcase classname="org.automation.batchExecution.Jawa" name="launchingPerak" time="36.714">
    <system-out>
      <![CDATA[Launched Perak]]>
    </system-out>
  </testcase> <!-- launchingPerak -->
  <system-out>
    <![CDATA[Launched Hayabusa
Launched 42 bobber
Launched Hayabusa
Launched Perak]]>
  </system-out>
</testsuite> <!-- org.automation.batchExecution.Jawa -->
