<?xml version="1.0" encoding="UTF-8"?>
<!-- Generated by org.testng.reporters.JUnitReportReporter -->
<testsuite hostname="DESKTOP-Q4C4NUA" failures="0" tests="1" name="org.automation.groupExecution.AlluArjun" time="3.585" errors="0" timestamp="2026-01-09T11:12:55 GMT-08:00" skipped="0">
  <testcase classname="org.automation.groupExecution.AlluArjun" name="launchAlluArjun" time="3.585">
    <system-out>
      <![CDATA[Launching Allu Arjun page]]>
    </system-out>
  </testcase> <!-- launchAlluArjun -->
  <system-out>
    <![CDATA[Launching SRK page
Launching Yash page
Launching Vicky page
Launching Allu Arjun page]]>
  </system-out>
</testsuite> <!-- org.automation.groupExecution.AlluArjun -->
