<?xml version="1.0" encoding="UTF-8"?>
<!-- Generated by org.testng.reporters.JUnitReportReporter -->
<testsuite hostname="DESKTOP-Q4C4NUA" failures="0" tests="3" name="org.automation.testNGLearning.Demo" time="0.025" errors="0" timestamp="2026-01-04T11:02:42 GMT-08:00" skipped="0">
  <testcase classname="org.automation.testNGLearning.Demo" name="m1" time="0.018">
    <system-out>
      <![CDATA[test case 2 executed]]>
    </system-out>
  </testcase> <!-- m1 -->
  <testcase classname="org.automation.testNGLearning.Demo" name="method1" time="0.003">
    <system-out>
      <![CDATA[test case 3 executed]]>
    </system-out>
  </testcase> <!-- method1 -->
  <testcase classname="org.automation.testNGLearning.Demo" name="test1" time="0.004">
    <system-out>
      <![CDATA[test case 1 executed]]>
    </system-out>
  </testcase> <!-- test1 -->
  <system-out>
    <![CDATA[test case 2 executed
test case 3 executed
test case 1 executed]]>
  </system-out>
</testsuite> <!-- org.automation.testNGLearning.Demo -->
