<?xml version="1.0" encoding="UTF-8"?>
<!-- Generated by org.testng.reporters.JUnitReportReporter -->
<testsuite hostname="DESKTOP-Q4C4NUA" failures="0" tests="1" name="org.automation.modularFramework.TC_BuyProduct_003_Test" time="19.607" errors="0" timestamp="2026-02-03T13:03:43 GMT-08:00" skipped="0">
  <testcase classname="org.automation.modularFramework.TC_BuyProduct_003_Test" name="buyProductMethod" time="19.607"/>
</testsuite> <!-- org.automation.modularFramework.TC_BuyProduct_003_Test -->
