<?xml version="1.0" encoding="UTF-8"?>
<!-- Generated by org.testng.reporters.JUnitXMLReporter -->
<testsuite ignored="0" hostname="DESKTOP-Q4C4NUA" failures="0" tests="4" name="Test1" time="24.927" errors="0" timestamp="2026-01-08T12:14:43 GMT-08:00">
  <testcase classname="org.automation.parallelExecution.Rohit" name="launchWiki" time="8.596"/>
  <testcase classname="org.automation.parallelExecution.Hardik" name="launchWiki" time="3.061"/>
  <testcase classname="org.automation.parallelExecution.Dhoni" name="launchWiki" time="8.13"/>
  <testcase classname="org.automation.parallelExecution.Jadeja" name="launchWiki" time="4.906"/>
</testsuite> <!-- Test1 -->
