<?xml version="1.0" encoding="UTF-8"?>
<!-- Generated by org.testng.reporters.JUnitXMLReporter -->
<testsuite ignored="0" hostname="DESKTOP-Q4C4NUA" failures="0" tests="4" name="Test2" time="35.25" errors="0" timestamp="2026-01-08T12:14:53 GMT-08:00">
  <testcase classname="org.automation.parallelExecution.Sachin" name="launchWiki" time="9.584"/>
  <testcase classname="org.automation.parallelExecution.Suryakumar" name="launchWiki" time="4.01"/>
  <testcase classname="org.automation.parallelExecution.KLRahul" name="launchWiki" time="7.463"/>
  <testcase classname="org.automation.parallelExecution.Virat" name="launchWiki" time="14.05"/>
</testsuite> <!-- Test2 -->
